denovo_map.pl version 2.2 started at 2021-01-05 06:01:32
/usr/lib/stacks/bin/denovo_map.pl --samples ../stacks/isuue2/process_map_res/ --popmap ../stacks/isuue2/popmap_tarea_issue.tsv -o ../stacks/isuue2/denovo_map_re2 -M 2 -n 1 -m 2 -X populations: -r 0.50 --min_maf 0.01 --genepop

ustacks
==========

Sample 1 of 24 'ATX_1_S237_R1_001'
----------
/usr/lib/stacks/bin/ustacks -t gzfastq -f ../stacks/isuue2/process_map_res/ATX_1_S237_R1_001.1.fq.gz -o ../stacks/isuue2/denovo_map_re2 -i 1 -m 2 --name ATX_1_S237_R1_001 -M 2
ustacks parameters selected:
  Input file: '../stacks/isuue2/process_map_res/ATX_1_S237_R1_001.1.fq.gz'
  Sample ID: 1
  Min depth of coverage to create a stack (m): 2
  Repeat removal algorithm: enabled
  Max distance allowed between stacks (M): 2
  Max distance allowed to align secondary reads: 4
  Max number of stacks allowed per de novo locus: 3
  Deleveraging algorithm: disabled
  Gapped assembly: enabled
  Minimum alignment length: 0.8
  Model type: SNP
  Alpha significance level for model: 0.05

Loading RAD-Tags...

Loaded 81 reads; formed:
  28 stacks representing 78 primary reads (96.3%)
  3 secondary stacks representing 3 secondary reads (3.7%)

Stack coverage: mean=2.79; stdev=0.41; max=3; n_reads=78(96.3%)
Removing repetitive stacks: cov > 5 (mean+3*stdev)...
  Blacklisted 0 stacks.
Coverage after repeat removal: mean=2.79; stdev=0.41; max=3; n_reads=78(96.3%)

Assembling stacks (max. dist. M=2)...
  Assembled 28 stacks into 28; blacklisted 0 stacks.
Coverage after assembling stacks: mean=2.79; stdev=0.41; max=3; n_reads=78(96.3%)

Merging secondary stacks (max. dist. N=4 from consensus)...
  Merged 0 out of 3 secondary reads (0.0%), 0 merged with gapped alignments.
Coverage after merging secondary stacks: mean=2.79; stdev=0.41; max=3; n_reads=78(96.3%)

Assembling stacks, allowing for gaps (min. match length 80.0%)...
  Assembled 28 stacks into 28 stacks.
Coverage after gapped assembly: mean=2.79; stdev=0.41; max=3; n_reads=78(96.3%)

Merging secondary stacks, allowing for gaps (min. match length 80.0%)...
  Merged 0 out of 3 secondary reads (0.0%).
Coverage after merging gapped secondary stacks: mean=2.79; stdev=0.41; max=3; n_reads=78(96.3%)

Final coverage: mean=2.79; stdev=0.41; max=3; n_reads=78(96.3%)
Calling consensus sequences and haplotypes for catalog assembly...
Writing tags, SNPs, and alleles files...
Refetching read IDs...done.
ustacks is done.

Sample 2 of 24 'ATX_1_S237_R1_001'
----------
/usr/lib/stacks/bin/ustacks -t gzfastq -f ../stacks/isuue2/process_map_res/ATX_1_S237_R1_001.1.fq.gz -o ../stacks/isuue2/denovo_map_re2 -i 2 -m 2 --name ATX_1_S237_R1_001 -M 2
ustacks parameters selected:
  Input file: '../stacks/isuue2/process_map_res/ATX_1_S237_R1_001.1.fq.gz'
  Sample ID: 2
  Min depth of coverage to create a stack (m): 2
  Repeat removal algorithm: enabled
  Max distance allowed between stacks (M): 2
  Max distance allowed to align secondary reads: 4
  Max number of stacks allowed per de novo locus: 3
  Deleveraging algorithm: disabled
  Gapped assembly: enabled
  Minimum alignment length: 0.8
  Model type: SNP
  Alpha significance level for model: 0.05

Loading RAD-Tags...

Loaded 81 reads; formed:
  28 stacks representing 78 primary reads (96.3%)
  3 secondary stacks representing 3 secondary reads (3.7%)

Stack coverage: mean=2.79; stdev=0.41; max=3; n_reads=78(96.3%)
Removing repetitive stacks: cov > 5 (mean+3*stdev)...
  Blacklisted 0 stacks.
Coverage after repeat removal: mean=2.79; stdev=0.41; max=3; n_reads=78(96.3%)

Assembling stacks (max. dist. M=2)...
  Assembled 28 stacks into 28; blacklisted 0 stacks.
Coverage after assembling stacks: mean=2.79; stdev=0.41; max=3; n_reads=78(96.3%)

Merging secondary stacks (max. dist. N=4 from consensus)...
  Merged 0 out of 3 secondary reads (0.0%), 0 merged with gapped alignments.
Coverage after merging secondary stacks: mean=2.79; stdev=0.41; max=3; n_reads=78(96.3%)

Assembling stacks, allowing for gaps (min. match length 80.0%)...
  Assembled 28 stacks into 28 stacks.
Coverage after gapped assembly: mean=2.79; stdev=0.41; max=3; n_reads=78(96.3%)

Merging secondary stacks, allowing for gaps (min. match length 80.0%)...
  Merged 0 out of 3 secondary reads (0.0%).
Coverage after merging gapped secondary stacks: mean=2.79; stdev=0.41; max=3; n_reads=78(96.3%)

Final coverage: mean=2.79; stdev=0.41; max=3; n_reads=78(96.3%)
Calling consensus sequences and haplotypes for catalog assembly...
Writing tags, SNPs, and alleles files...
Refetching read IDs...done.
ustacks is done.

Sample 3 of 24 'ATX_2_S155_R1_001'
----------
/usr/lib/stacks/bin/ustacks -t gzfastq -f ../stacks/isuue2/process_map_res/ATX_2_S155_R1_001.1.fq.gz -o ../stacks/isuue2/denovo_map_re2 -i 3 -m 2 --name ATX_2_S155_R1_001 -M 2
ustacks parameters selected:
  Input file: '../stacks/isuue2/process_map_res/ATX_2_S155_R1_001.1.fq.gz'
  Sample ID: 3
  Min depth of coverage to create a stack (m): 2
  Repeat removal algorithm: enabled
  Max distance allowed between stacks (M): 2
  Max distance allowed to align secondary reads: 4
  Max number of stacks allowed per de novo locus: 3
  Deleveraging algorithm: disabled
  Gapped assembly: enabled
  Minimum alignment length: 0.8
  Model type: SNP
  Alpha significance level for model: 0.05

Loading RAD-Tags...
Error: Unable to load data from '../stacks/isuue2/process_map_res/ATX_2_S155_R1_001.1.fq.gz'.

denovo_map.pl: Aborted because the last command failed (1).
